<?xml version="1.0" encoding="UTF-8"?>
<!-- Generated by org.testng.reporters.JUnitReportReporter -->
<testsuite hostname="IM-RT-IT-039" name="dataprovideralltypes.FlipKartTest" tests="1" failures="0" timestamp="28 Apr 2015 06:10:58 GMT" time="62.448" errors="0">
  <testcase name="openWebSite" time="62.448" classname="dataprovideralltypes.FlipKartTest"/>
</testsuite> <!-- dataprovideralltypes.FlipKartTest -->
