<?xml version="1.0" encoding="UTF-8"?>
<!-- Generated by org.testng.reporters.JUnitReportReporter -->
<testsuite hostname="IM-RT-IT-039" name="dataproviderbasic.DataProviderTest" tests="6" failures="0" timestamp="20 Apr 2015 08:11:19 GMT" time="0.006" errors="0">
  <testcase name="testDataProvider2" time="0.001" classname="dataproviderbasic.DataProviderTest"/>
  <testcase name="testDataProvider2" time="0.001" classname="dataproviderbasic.DataProviderTest"/>
  <testcase name="testDataProvider2" time="0.000" classname="dataproviderbasic.DataProviderTest"/>
  <testcase name="testDataProvider1" time="0.001" classname="dataproviderbasic.DataProviderTest"/>
  <testcase name="testDataProvider1" time="0.001" classname="dataproviderbasic.DataProviderTest"/>
  <testcase name="testDataProvider1" time="0.002" classname="dataproviderbasic.DataProviderTest"/>
</testsuite> <!-- dataproviderbasic.DataProviderTest -->
