<?xml version="1.0" encoding="UTF-8"?>
<!-- Generated by org.testng.reporters.JUnitReportReporter -->
<testsuite hostname="IM-RT-IT-039" name="dataprovider.DataProviderTest" tests="3" failures="0" timestamp="20 Apr 2015 06:24:00 GMT" time="0.015" errors="0">
  <testcase name="testDataProvider" time="0.002" classname="dataprovider.DataProviderTest"/>
  <testcase name="testDataProvider" time="0.012" classname="dataprovider.DataProviderTest"/>
  <testcase name="testDataProvider" time="0.001" classname="dataprovider.DataProviderTest"/>
</testsuite> <!-- dataprovider.DataProviderTest -->
