<?xml version="1.0" encoding="UTF-8"?>
<!-- Generated by org.testng.reporters.JUnitReportReporter -->
<testsuite hostname="IM-RT-IT-039" name="testngexp.TestngTestClass1" tests="6" failures="0" timestamp="28 Apr 2015 06:10:59 GMT" time="0.025" errors="0">
  <testcase name="groupTest1" time="0.001" classname="testngexp.TestngTestClass1"/>
  <testcase name="groupTest2" time="0.010" classname="testngexp.TestngTestClass1"/>
  <testcase name="groupTest2" time="0.012" classname="testngexp.TestngTestClass1"/>
  <testcase name="groupTest1" time="0.001" classname="testngexp.TestngTestClass1"/>
  <testcase name="groupTest" time="0.000" classname="testngexp.TestngTestClass1"/>
  <testcase name="test2" time="0.001" classname="testngexp.TestngTestClass1"/>
</testsuite> <!-- testngexp.TestngTestClass1 -->
