<?xml version="1.0" encoding="UTF-8"?>
<!-- Generated by org.testng.reporters.JUnitReportReporter -->
<testsuite hostname="IM-RT-IT-039" name="websitetest.TestLoginLogout" tests="1" failures="0" timestamp="28 Apr 2015 10:53:07 GMT" time="18.296" errors="0">
  <testcase name="openWebSite" time="18.296" classname="websitetest.TestLoginLogout"/>
</testsuite> <!-- websitetest.TestLoginLogout -->
