<?xml version="1.0" encoding="UTF-8"?>
<!-- Generated by org.testng.reporters.JUnitReportReporter -->
<testsuite hostname="IM-RT-IT-039" name="dataprovideralltypes.DataProviderPassingMethod" tests="4" failures="0" timestamp="28 Apr 2015 06:10:59 GMT" time="0.016" errors="0">
  <testcase name="test2" time="0.000" classname="dataprovideralltypes.DataProviderPassingMethod"/>
  <testcase name="test2" time="0.001" classname="dataprovideralltypes.DataProviderPassingMethod"/>
  <testcase name="test1" time="0.014" classname="dataprovideralltypes.DataProviderPassingMethod"/>
  <testcase name="test1" time="0.001" classname="dataprovideralltypes.DataProviderPassingMethod"/>
</testsuite> <!-- dataprovideralltypes.DataProviderPassingMethod -->
