<?xml version="1.0" encoding="UTF-8"?>
<!-- Generated by org.testng.reporters.JUnitReportReporter -->
<testsuite hostname="IM-RT-IT-039" name="dataprovideralltypes.PropFileDataProvideTest" tests="1" failures="0" timestamp="24 Apr 2015 09:25:49 GMT" time="142.186" errors="0">
  <testcase name="openWebSite" time="142.186" classname="dataprovideralltypes.PropFileDataProvideTest"/>
</testsuite> <!-- dataprovideralltypes.PropFileDataProvideTest -->
