<?xml version="1.0" encoding="UTF-8"?>
<!-- Generated by org.testng.reporters.JUnitReportReporter -->
<testsuite hostname="IM-LP-351" name="websitetest.Exp" tests="1" failures="0" timestamp="8 Jul 2015 10:28:52 GMT" time="0.007" errors="0">
  <testcase name="defExpTest" time="0.007" classname="websitetest.Exp"/>
</testsuite> <!-- websitetest.Exp -->
