<?xml version="1.0" encoding="UTF-8"?>
<!-- Generated by org.testng.reporters.JUnitReportReporter -->
<testsuite hostname="IM-RT-IT-039" name="dataproviderwithparameters.PropFileDataProvideTest" tests="1" failures="0" timestamp="20 Apr 2015 08:11:19 GMT" time="24.644" errors="0">
  <testcase name="openWebSite" time="24.644" classname="dataproviderwithparameters.PropFileDataProvideTest"/>
</testsuite> <!-- dataproviderwithparameters.PropFileDataProvideTest -->
