<?xml version="1.0" encoding="UTF-8"?>
<!-- Generated by org.testng.reporters.JUnitReportReporter -->
<testsuite hostname="IM-RT-IT-039" name="dataprovideralltypes.DataProviderBasicTest" tests="6" failures="0" timestamp="28 Apr 2015 06:10:59 GMT" time="0.012" errors="0">
  <testcase name="testDataProvider1" time="0.001" classname="dataprovideralltypes.DataProviderBasicTest"/>
  <testcase name="testDataProvider2" time="0.007" classname="dataprovideralltypes.DataProviderBasicTest"/>
  <testcase name="testDataProvider2" time="0.001" classname="dataprovideralltypes.DataProviderBasicTest"/>
  <testcase name="testDataProvider1" time="0.001" classname="dataprovideralltypes.DataProviderBasicTest"/>
  <testcase name="testDataProvider2" time="0.001" classname="dataprovideralltypes.DataProviderBasicTest"/>
  <testcase name="testDataProvider1" time="0.001" classname="dataprovideralltypes.DataProviderBasicTest"/>
</testsuite> <!-- dataprovideralltypes.DataProviderBasicTest -->
