<?xml version="1.0" encoding="UTF-8"?>
<!-- Generated by org.testng.reporters.JUnitReportReporter -->
<testsuite hostname="IM-RT-IT-039" name="websitetest.LoginLogoutTest" tests="1" failures="0" timestamp="29 Apr 2015 05:44:34 GMT" time="33.087" errors="0">
  <testcase name="testOpenWebSite" time="33.087" classname="websitetest.LoginLogoutTest"/>
</testsuite> <!-- websitetest.LoginLogoutTest -->
