<?xml version="1.0" encoding="UTF-8"?>
<!-- Generated by org.testng.reporters.JUnitReportReporter -->
<testsuite hostname="IM-RT-IT-039" name="mynewpack.TestngTestClass2" tests="3" failures="0" timestamp="28 Apr 2015 06:10:59 GMT" time="0.084" errors="0">
  <testcase name="groupTest1" time="0.001" classname="mynewpack.TestngTestClass2"/>
  <testcase name="groupTest2" time="0.081" classname="mynewpack.TestngTestClass2"/>
  <testcase name="divisionWithException" time="0.002" classname="mynewpack.TestngTestClass2"/>
</testsuite> <!-- mynewpack.TestngTestClass2 -->
