<?xml version="1.0" encoding="UTF-8"?>
<!-- Generated by org.testng.reporters.JUnitReportReporter -->
<testsuite hostname="IM-RT-IT-039" name="dataprovideralltypes.DataProviderTestContext" tests="2" failures="0" timestamp="28 Apr 2015 06:10:59 GMT" time="0.000" errors="0">
  <testcase name="test2" time="0.000" classname="dataprovideralltypes.DataProviderTestContext"/>
  <testcase name="test1" time="0.000" classname="dataprovideralltypes.DataProviderTestContext"/>
</testsuite> <!-- dataprovideralltypes.DataProviderTestContext -->
