<?xml version="1.0" encoding="UTF-8"?>
<!-- Generated by org.testng.reporters.JUnitReportReporter -->
<testsuite hostname="IM-RT-IT-039" name="testngexp.TestngTestClass" tests="1" failures="0" timestamp="28 Apr 2015 06:10:58 GMT" time="0.000" errors="0">
  <testcase name="testExp" time="0.000" classname="testngexp.TestngTestClass"/>
</testsuite> <!-- testngexp.TestngTestClass -->
